{"/home/alessandro/repos/letsvote/backend/controllers/auth.controller.ts": {"path":"/home/alessandro/repos/letsvote/backend/controllers/auth.controller.ts","statementMap":{"0":{"start":{"line":6,"column":22},"end":{"line":6,"column":40}},"1":{"start":{"line":8,"column":25},"end":{"line":36,"column":1}},"2":{"start":{"line":9,"column":4},"end":{"line":35,"column":6}},"3":{"start":{"line":10,"column":46},"end":{"line":10,"column":54}},"4":{"start":{"line":12,"column":21},"end":{"line":16,"column":10}},"5":{"start":{"line":18,"column":8},"end":{"line":32,"column":9}},"6":{"start":{"line":19,"column":35},"end":{"line":19,"column":63}},"7":{"start":{"line":20,"column":28},"end":{"line":23,"column":13}},"8":{"start":{"line":25,"column":12},"end":{"line":29,"column":13}},"9":{"start":{"line":25,"column":47},"end":{"line":25,"column":65}},"10":{"start":{"line":26,"column":16},"end":{"line":26,"column":23}},"11":{"start":{"line":28,"column":16},"end":{"line":28,"column":66}},"12":{"start":{"line":31,"column":12},"end":{"line":31,"column":61}},"13":{"start":{"line":34,"column":8},"end":{"line":34,"column":15}},"14":{"start":{"line":38,"column":27},"end":{"line":74,"column":1}},"15":{"start":{"line":43,"column":32},"end":{"line":43,"column":40}},"16":{"start":{"line":45,"column":4},"end":{"line":48,"column":5}},"17":{"start":{"line":46,"column":8},"end":{"line":46,"column":57}},"18":{"start":{"line":47,"column":8},"end":{"line":47,"column":15}},"19":{"start":{"line":50,"column":17},"end":{"line":54,"column":6}},"20":{"start":{"line":56,"column":4},"end":{"line":71,"column":5}},"21":{"start":{"line":57,"column":31},"end":{"line":57,"column":59}},"22":{"start":{"line":58,"column":25},"end":{"line":62,"column":9}},"23":{"start":{"line":63,"column":24},"end":{"line":65,"column":10}},"24":{"start":{"line":67,"column":8},"end":{"line":70,"column":9}},"25":{"start":{"line":68,"column":12},"end":{"line":68,"column":71}},"26":{"start":{"line":69,"column":12},"end":{"line":69,"column":19}},"27":{"start":{"line":73,"column":4},"end":{"line":73,"column":11}},"28":{"start":{"line":76,"column":24},"end":{"line":107,"column":1}},"29":{"start":{"line":77,"column":32},"end":{"line":77,"column":40}},"30":{"start":{"line":78,"column":17},"end":{"line":82,"column":6}},"31":{"start":{"line":84,"column":4},"end":{"line":87,"column":5}},"32":{"start":{"line":85,"column":8},"end":{"line":85,"column":60}},"33":{"start":{"line":86,"column":8},"end":{"line":86,"column":15}},"34":{"start":{"line":89,"column":27},"end":{"line":89,"column":55}},"35":{"start":{"line":90,"column":26},"end":{"line":90,"column":73}},"36":{"start":{"line":92,"column":4},"end":{"line":95,"column":5}},"37":{"start":{"line":93,"column":8},"end":{"line":93,"column":62}},"38":{"start":{"line":94,"column":8},"end":{"line":94,"column":15}},"39":{"start":{"line":98,"column":4},"end":{"line":101,"column":5}},"40":{"start":{"line":99,"column":8},"end":{"line":99,"column":70}},"41":{"start":{"line":100,"column":8},"end":{"line":100,"column":15}},"42":{"start":{"line":102,"column":18},"end":{"line":104,"column":6}},"43":{"start":{"line":105,"column":4},"end":{"line":105,"column":76}},"44":{"start":{"line":106,"column":4},"end":{"line":106,"column":58}}},"fnMap":{"0":{"name":"(anonymous_0)","decl":{"start":{"line":8,"column":25},"end":{"line":8,"column":26}},"loc":{"start":{"line":8,"column":50},"end":{"line":36,"column":1}},"line":8},"1":{"name":"(anonymous_1)","decl":{"start":{"line":9,"column":11},"end":{"line":9,"column":12}},"loc":{"start":{"line":9,"column":70},"end":{"line":35,"column":5}},"line":9},"2":{"name":"(anonymous_2)","decl":{"start":{"line":25,"column":37},"end":{"line":25,"column":38}},"loc":{"start":{"line":25,"column":47},"end":{"line":25,"column":65}},"line":25},"3":{"name":"(anonymous_3)","decl":{"start":{"line":38,"column":27},"end":{"line":38,"column":28}},"loc":{"start":{"line":42,"column":5},"end":{"line":74,"column":1}},"line":42},"4":{"name":"(anonymous_4)","decl":{"start":{"line":76,"column":24},"end":{"line":76,"column":25}},"loc":{"start":{"line":76,"column":63},"end":{"line":107,"column":1}},"line":76}},"branchMap":{"0":{"loc":{"start":{"line":10,"column":16},"end":{"line":10,"column":26}},"type":"default-arg","locations":[{"start":{"line":10,"column":24},"end":{"line":10,"column":26}}],"line":10},"1":{"loc":{"start":{"line":10,"column":28},"end":{"line":10,"column":41}},"type":"default-arg","locations":[{"start":{"line":10,"column":39},"end":{"line":10,"column":41}}],"line":10},"2":{"loc":{"start":{"line":25,"column":12},"end":{"line":29,"column":13}},"type":"if","locations":[{"start":{"line":25,"column":12},"end":{"line":29,"column":13}},{"start":{"line":27,"column":19},"end":{"line":29,"column":13}}],"line":25},"3":{"loc":{"start":{"line":25,"column":16},"end":{"line":25,"column":66}},"type":"binary-expr","locations":[{"start":{"line":25,"column":16},"end":{"line":25,"column":23}},{"start":{"line":25,"column":27},"end":{"line":25,"column":66}}],"line":25},"4":{"loc":{"start":{"line":45,"column":4},"end":{"line":48,"column":5}},"type":"if","locations":[{"start":{"line":45,"column":4},"end":{"line":48,"column":5}},{"start":{},"end":{}}],"line":45},"5":{"loc":{"start":{"line":45,"column":8},"end":{"line":45,"column":27}},"type":"binary-expr","locations":[{"start":{"line":45,"column":8},"end":{"line":45,"column":14}},{"start":{"line":45,"column":18},"end":{"line":45,"column":27}}],"line":45},"6":{"loc":{"start":{"line":56,"column":4},"end":{"line":71,"column":5}},"type":"if","locations":[{"start":{"line":56,"column":4},"end":{"line":71,"column":5}},{"start":{},"end":{}}],"line":56},"7":{"loc":{"start":{"line":67,"column":8},"end":{"line":70,"column":9}},"type":"if","locations":[{"start":{"line":67,"column":8},"end":{"line":70,"column":9}},{"start":{},"end":{}}],"line":67},"8":{"loc":{"start":{"line":84,"column":4},"end":{"line":87,"column":5}},"type":"if","locations":[{"start":{"line":84,"column":4},"end":{"line":87,"column":5}},{"start":{},"end":{}}],"line":84},"9":{"loc":{"start":{"line":92,"column":4},"end":{"line":95,"column":5}},"type":"if","locations":[{"start":{"line":92,"column":4},"end":{"line":95,"column":5}},{"start":{},"end":{}}],"line":92},"10":{"loc":{"start":{"line":98,"column":4},"end":{"line":101,"column":5}},"type":"if","locations":[{"start":{"line":98,"column":4},"end":{"line":101,"column":5}},{"start":{},"end":{}}],"line":98}},"s":{"0":1,"1":1,"2":1,"3":0,"4":0,"5":0,"6":0,"7":0,"8":0,"9":0,"10":0,"11":0,"12":0,"13":0,"14":1,"15":0,"16":0,"17":0,"18":0,"19":0,"20":0,"21":0,"22":0,"23":0,"24":0,"25":0,"26":0,"27":0,"28":1,"29":0,"30":0,"31":0,"32":0,"33":0,"34":0,"35":0,"36":0,"37":0,"38":0,"39":0,"40":0,"41":0,"42":0,"43":0,"44":0},"f":{"0":1,"1":0,"2":0,"3":0,"4":0},"b":{"0":[0],"1":[0],"2":[0,0],"3":[0,0],"4":[0,0],"5":[0,0],"6":[0,0],"7":[0,0],"8":[0,0],"9":[0,0],"10":[0,0]},"_coverageSchema":"1a1c01bbd47fc00a2c39e90264f33305004495a9","hash":"32c460ce18f4877ce07a72c4b1f8226d0fcfe3c5"}
,"/home/alessandro/repos/letsvote/backend/routes/test.router.ts": {"path":"/home/alessandro/repos/letsvote/backend/routes/test.router.ts","statementMap":{"0":{"start":{"line":5,"column":26},"end":{"line":5,"column":35}},"1":{"start":{"line":6,"column":0},"end":{"line":6,"column":31}},"2":{"start":{"line":8,"column":15},"end":{"line":8,"column":33}},"3":{"start":{"line":11,"column":0},"end":{"line":13,"column":3}},"4":{"start":{"line":12,"column":4},"end":{"line":12,"column":50}},"5":{"start":{"line":16,"column":0},"end":{"line":19,"column":3}},"6":{"start":{"line":17,"column":23},"end":{"line":17,"column":50}},"7":{"start":{"line":18,"column":4},"end":{"line":18,"column":36}}},"fnMap":{"0":{"name":"(anonymous_0)","decl":{"start":{"line":11,"column":20},"end":{"line":11,"column":21}},"loc":{"start":{"line":11,"column":53},"end":{"line":13,"column":1}},"line":11},"1":{"name":"(anonymous_1)","decl":{"start":{"line":16,"column":29},"end":{"line":16,"column":30}},"loc":{"start":{"line":16,"column":68},"end":{"line":19,"column":1}},"line":16}},"branchMap":{},"s":{"0":1,"1":1,"2":1,"3":1,"4":1,"5":1,"6":1,"7":1},"f":{"0":1,"1":1},"b":{},"_coverageSchema":"1a1c01bbd47fc00a2c39e90264f33305004495a9","hash":"1b349dcbdeead8ca528c9b1662439846fb2db9a8"}
,"/home/alessandro/repos/letsvote/backend/utils/bcrypt.ts": {"path":"/home/alessandro/repos/letsvote/backend/utils/bcrypt.ts","statementMap":{"0":{"start":{"line":3,"column":28},"end":{"line":7,"column":1}},"1":{"start":{"line":4,"column":23},"end":{"line":4,"column":25}},"2":{"start":{"line":5,"column":17},"end":{"line":5,"column":56}},"3":{"start":{"line":6,"column":4},"end":{"line":6,"column":16}},"4":{"start":{"line":9,"column":31},"end":{"line":12,"column":1}},"5":{"start":{"line":10,"column":18},"end":{"line":10,"column":54}},"6":{"start":{"line":11,"column":4},"end":{"line":11,"column":17}}},"fnMap":{"0":{"name":"(anonymous_0)","decl":{"start":{"line":3,"column":28},"end":{"line":3,"column":29}},"loc":{"start":{"line":3,"column":56},"end":{"line":7,"column":1}},"line":3},"1":{"name":"(anonymous_1)","decl":{"start":{"line":9,"column":31},"end":{"line":9,"column":32}},"loc":{"start":{"line":9,"column":73},"end":{"line":12,"column":1}},"line":9}},"branchMap":{},"s":{"0":1,"1":0,"2":0,"3":0,"4":1,"5":0,"6":0},"f":{"0":0,"1":0},"b":{},"_coverageSchema":"1a1c01bbd47fc00a2c39e90264f33305004495a9","hash":"e00f213367320dc597146af03cbd833cfa6cc41b"}
}
